% mean class accuracy (train set)	
 9.8483e+01	
 9.8580e+01	
 9.8596e+01	
 9.8581e+01	
 9.8561e+01	
 9.8594e+01	
 9.8591e+01	
 9.8581e+01	
 9.8560e+01	
 9.8565e+01	
 9.8581e+01	
 9.8580e+01	
 9.8580e+01	
 9.8570e+01	
 9.8584e+01	
 9.8584e+01	
 9.8573e+01	
 9.8571e+01	
 9.8580e+01	
 9.8580e+01	
 9.8584e+01	
 9.8580e+01	
 9.8584e+01	
 9.8580e+01	
 9.8580e+01	
 9.8580e+01	
 9.8594e+01	
 9.8584e+01	
 9.8580e+01	
 9.8570e+01	
 9.8587e+01	
 9.8587e+01	
 9.8580e+01	
 9.8594e+01	
 9.8587e+01	
 9.8580e+01	
 9.8589e+01	
 9.8580e+01	
 9.8594e+01	
 9.8594e+01	
 9.8592e+01	
 9.8599e+01	
